# JRE version: Java(TM) SE Runtime Environment (8.0_171-b11) (build 1.8.0_171-b11)
# Java VM: Java HotSpot(TM) 64-Bit Server VM (25.171-b11 mixed mode windows-amd64 compressed oops)
Heap:
 PSYoungGen      total 160768K, used 70163K [0x00000000f5580000, 0x0000000100000000, 0x0000000100000000)
  eden space 146944K, 42% used [0x00000000f5580000,0x00000000f91de070,0x00000000fe500000)
  from space 13824K, 60% used [0x00000000fe500000,0x00000000fed26f50,0x00000000ff280000)
  to   space 13312K, 0% used [0x00000000ff300000,0x00000000ff300000,0x0000000100000000)
 ParOldGen       total 159744K, used 17751K [0x00000000e0000000, 0x00000000e9c00000, 0x00000000f5580000)
  object space 159744K, 11% used [0x00000000e0000000,0x00000000e1155c38,0x00000000e9c00000)
 Metaspace       used 41304K, capacity 43634K, committed 44032K, reserved 1087488K
  class space    used 5853K, capacity 6297K, committed 6400K, reserved 1048576K
GC Heap History (10 events):
Event: 2.169 GC heap before
{Heap before GC invocations=5 (full 1):
 PSYoungGen      total 75776K, used 65024K [0x00000000f5580000, 0x00000000fe980000, 0x0000000100000000)
  eden space 65024K, 100% used [0x00000000f5580000,0x00000000f9500000,0x00000000f9500000)
  from space 10752K, 0% used [0x00000000f9500000,0x00000000f9500000,0x00000000f9f80000)
  to   space 10752K, 0% used [0x00000000fdf00000,0x00000000fdf00000,0x00000000fe980000)
 ParOldGen       total 96256K, used 5911K [0x00000000e0000000, 0x00000000e5e00000, 0x00000000f5580000)
  object space 96256K, 6% used [0x00000000e0000000,0x00000000e05c5e88,0x00000000e5e00000)
 Metaspace       used 23790K, capacity 25198K, committed 25472K, reserved 1071104K
  class space    used 3290K, capacity 3615K, committed 3712K, reserved 1048576K
Event: 2.174 GC heap after
Heap after GC invocations=5 (full 1):
 PSYoungGen      total 109568K, used 5662K [0x00000000f5580000, 0x00000000fe500000, 0x0000000100000000)
  eden space 103424K, 0% used [0x00000000f5580000,0x00000000f5580000,0x00000000fba80000)
  from space 6144K, 92% used [0x00000000fdf00000,0x00000000fe487ba8,0x00000000fe500000)
  to   space 10752K, 0% used [0x00000000fd000000,0x00000000fd000000,0x00000000fda80000)
 ParOldGen       total 96256K, used 5919K [0x00000000e0000000, 0x00000000e5e00000, 0x00000000f5580000)
  object space 96256K, 6% used [0x00000000e0000000,0x00000000e05c7e88,0x00000000e5e00000)
 Metaspace       used 23790K, capacity 25198K, committed 25472K, reserved 1071104K
  class space    used 3290K, capacity 3615K, committed 3712K, reserved 1048576K
}
Event: 2.546 GC heap before
{Heap before GC invocations=6 (full 1):
 PSYoungGen      total 109568K, used 109086K [0x00000000f5580000, 0x00000000fe500000, 0x0000000100000000)
  eden space 103424K, 100% used [0x00000000f5580000,0x00000000fba80000,0x00000000fba80000)
  from space 6144K, 92% used [0x00000000fdf00000,0x00000000fe487ba8,0x00000000fe500000)
  to   space 10752K, 0% used [0x00000000fd000000,0x00000000fd000000,0x00000000fda80000)
 ParOldGen       total 96256K, used 5919K [0x00000000e0000000, 0x00000000e5e00000, 0x00000000f5580000)
  object space 96256K, 6% used [0x00000000e0000000,0x00000000e05c7e88,0x00000000e5e00000)
 Metaspace       used 28491K, capacity 30050K, committed 30336K, reserved 1075200K
  class space    used 3832K, capacity 4161K, committed 4224K, reserved 1048576K
Event: 2.552 GC heap after
Heap after GC invocations=6 (full 1):
 PSYoungGen      total 136192K, used 9743K [0x00000000f5580000, 0x0000000100000000, 0x0000000100000000)
  eden space 125440K, 0% used [0x00000000f5580000,0x00000000f5580000,0x00000000fd000000)
  from space 10752K, 90% used [0x00000000fd000000,0x00000000fd983cb8,0x00000000fda80000)
  to   space 11264K, 0% used [0x00000000ff500000,0x00000000ff500000,0x0000000100000000)
 ParOldGen       total 96256K, used 5927K [0x00000000e0000000, 0x00000000e5e00000, 0x00000000f5580000)
  object space 96256K, 6% used [0x00000000e0000000,0x00000000e05c9e88,0x00000000e5e00000)
 Metaspace       used 28491K, capacity 30050K, committed 30336K, reserved 1075200K
  class space    used 3832K, capacity 4161K, committed 4224K, reserved 1048576K
}
Event: 3.502 GC heap before
{Heap before GC invocations=7 (full 1):
 PSYoungGen      total 136192K, used 118634K [0x00000000f5580000, 0x0000000100000000, 0x0000000100000000)
  eden space 125440K, 86% used [0x00000000f5580000,0x00000000fbfd6bf8,0x00000000fd000000)
  from space 10752K, 90% used [0x00000000fd000000,0x00000000fd983cb8,0x00000000fda80000)
  to   space 11264K, 0% used [0x00000000ff500000,0x00000000ff500000,0x0000000100000000)
 ParOldGen       total 96256K, used 5927K [0x00000000e0000000, 0x00000000e5e00000, 0x00000000f5580000)
  object space 96256K, 6% used [0x00000000e0000000,0x00000000e05c9e88,0x00000000e5e00000)
 Metaspace       used 33563K, capacity 35418K, committed 35496K, reserved 1079296K
  class space    used 4634K, capacity 5047K, committed 5120K, reserved 1048576K
Event: 3.510 GC heap after
Heap after GC invocations=7 (full 1):
 PSYoungGen      total 158208K, used 11255K [0x00000000f5580000, 0x0000000100000000, 0x0000000100000000)
  eden space 146944K, 0% used [0x00000000f5580000,0x00000000f5580000,0x00000000fe500000)
  from space 11264K, 99% used [0x00000000ff500000,0x00000000ffffdda8,0x0000000100000000)
  to   space 13824K, 0% used [0x00000000fe500000,0x00000000fe500000,0x00000000ff280000)
 ParOldGen       total 96256K, used 8057K [0x00000000e0000000, 0x00000000e5e00000, 0x00000000f5580000)
  object space 96256K, 8% used [0x00000000e0000000,0x00000000e07de460,0x00000000e5e00000)
 Metaspace       used 33563K, capacity 35418K, committed 35496K, reserved 1079296K
  class space    used 4634K, capacity 5047K, committed 5120K, reserved 1048576K
}
Event: 3.510 GC heap before
{Heap before GC invocations=8 (full 2):
 PSYoungGen      total 158208K, used 11255K [0x00000000f5580000, 0x0000000100000000, 0x0000000100000000)
  eden space 146944K, 0% used [0x00000000f5580000,0x00000000f5580000,0x00000000fe500000)
  from space 11264K, 99% used [0x00000000ff500000,0x00000000ffffdda8,0x0000000100000000)
  to   space 13824K, 0% used [0x00000000fe500000,0x00000000fe500000,0x00000000ff280000)
 ParOldGen       total 96256K, used 8057K [0x00000000e0000000, 0x00000000e5e00000, 0x00000000f5580000)
  object space 96256K, 8% used [0x00000000e0000000,0x00000000e07de460,0x00000000e5e00000)
 Metaspace       used 33563K, capacity 35418K, committed 35496K, reserved 1079296K
  class space    used 4634K, capacity 5047K, committed 5120K, reserved 1048576K
Event: 3.558 GC heap after
Heap after GC invocations=8 (full 2):
 PSYoungGen      total 158208K, used 0K [0x00000000f5580000, 0x0000000100000000, 0x0000000100000000)
  eden space 146944K, 0% used [0x00000000f5580000,0x00000000f5580000,0x00000000fe500000)
  from space 11264K, 0% used [0x00000000ff500000,0x00000000ff500000,0x0000000100000000)
  to   space 13824K, 0% used [0x00000000fe500000,0x00000000fe500000,0x00000000ff280000)
 ParOldGen       total 159744K, used 17743K [0x00000000e0000000, 0x00000000e9c00000, 0x00000000f5580000)
  object space 159744K, 11% used [0x00000000e0000000,0x00000000e1153c38,0x00000000e9c00000)
 Metaspace       used 33563K, capacity 35418K, committed 35496K, reserved 1079296K
  class space    used 4634K, capacity 5047K, committed 5120K, reserved 1048576K
}
Event: 4.593 GC heap before
{Heap before GC invocations=9 (full 2):
 PSYoungGen      total 158208K, used 146944K [0x00000000f5580000, 0x0000000100000000, 0x0000000100000000)
  eden space 146944K, 100% used [0x00000000f5580000,0x00000000fe500000,0x00000000fe500000)
  from space 11264K, 0% used [0x00000000ff500000,0x00000000ff500000,0x0000000100000000)
  to   space 13824K, 0% used [0x00000000fe500000,0x00000000fe500000,0x00000000ff280000)
 ParOldGen       total 159744K, used 17743K [0x00000000e0000000, 0x00000000e9c00000, 0x00000000f5580000)
  object space 159744K, 11% used [0x00000000e0000000,0x00000000e1153c38,0x00000000e9c00000)
 Metaspace       used 38881K, capacity 41172K, committed 41472K, reserved 1085440K
  class space    used 5378K, capacity 5812K, committed 5888K, reserved 1048576K
Event: 4.602 GC heap after
Heap after GC invocations=9 (full 2):
 PSYoungGen      total 160768K, used 8347K [0x00000000f5580000, 0x0000000100000000, 0x0000000100000000)
  eden space 146944K, 0% used [0x00000000f5580000,0x00000000f5580000,0x00000000fe500000)
  from space 13824K, 60% used [0x00000000fe500000,0x00000000fed26f50,0x00000000ff280000)
  to   space 13312K, 0% used [0x00000000ff300000,0x00000000ff300000,0x0000000100000000)
 ParOldGen       total 159744K, used 17751K [0x00000000e0000000, 0x00000000e9c00000, 0x00000000f5580000)
  object space 159744K, 11% used [0x00000000e0000000,0x00000000e1155c38,0x00000000e9c00000)
 Metaspace       used 38881K, capacity 41172K, committed 41472K, reserved 1085440K
  class space    used 5378K, capacity 5812K, committed 5888K, reserved 1048576K
}

